mode: set
cdus-relay/cmd/cdus-relay/main.go:18.13,20.23 2 0
cdus-relay/cmd/cdus-relay/main.go:20.23,22.3 1 0
cdus-relay/cmd/cdus-relay/main.go:23.2,31.16 6 0
cdus-relay/cmd/cdus-relay/main.go:31.16,34.3 2 0
cdus-relay/cmd/cdus-relay/main.go:35.2,53.12 9 0
cdus-relay/cmd/cdus-relay/main.go:53.12,55.84 2 0
cdus-relay/cmd/cdus-relay/main.go:55.84,58.4 2 0
cdus-relay/cmd/cdus-relay/main.go:62.2,71.57 7 0
cdus-relay/cmd/cdus-relay/main.go:71.57,73.3 1 0
cdus-relay/cmd/cdus-relay/main.go:75.2,76.31 2 0
cdus-relay/internal/hub/hub.go:28.42,30.3 1 0
cdus-relay/internal/hub/hub.go:40.29,41.15 1 0
cdus-relay/internal/hub/hub.go:41.15,44.3 2 0
cdus-relay/internal/hub/hub.go:46.2,48.43 3 0
cdus-relay/internal/hub/hub.go:48.43,51.3 2 0
cdus-relay/internal/hub/hub.go:53.2,53.6 1 0
cdus-relay/internal/hub/hub.go:53.6,55.17 2 0
cdus-relay/internal/hub/hub.go:55.17,56.103 1 0
cdus-relay/internal/hub/hub.go:56.103,58.5 1 0
cdus-relay/internal/hub/hub.go:59.4,59.9 1 0
cdus-relay/internal/hub/hub.go:62.3,63.58 2 0
cdus-relay/internal/hub/hub.go:63.58,64.12 1 0
cdus-relay/internal/hub/hub.go:68.3,69.28 2 0
cdus-relay/internal/hub/hub.go:73.30,75.15 2 0
cdus-relay/internal/hub/hub.go:75.15,78.3 2 0
cdus-relay/internal/hub/hub.go:80.2,80.6 1 0
cdus-relay/internal/hub/hub.go:80.6,81.10 1 0
cdus-relay/internal/hub/hub.go:82.32,84.11 2 0
cdus-relay/internal/hub/hub.go:84.11,87.5 2 0
cdus-relay/internal/hub/hub.go:89.4,90.18 2 0
cdus-relay/internal/hub/hub.go:90.18,92.5 1 0
cdus-relay/internal/hub/hub.go:93.4,95.36 2 0
cdus-relay/internal/hub/hub.go:95.36,97.5 1 0
cdus-relay/internal/hub/hub.go:98.19,100.74 2 0
cdus-relay/internal/hub/hub.go:100.74,102.5 1 0
cdus-relay/internal/hub/hub.go:124.58,136.2 1 1
cdus-relay/internal/hub/hub.go:138.40,139.6 1 1
cdus-relay/internal/hub/hub.go:139.6,140.10 1 1
cdus-relay/internal/hub/hub.go:141.31,145.34 4 1
cdus-relay/internal/hub/hub.go:145.34,147.5 1 0
cdus-relay/internal/hub/hub.go:148.4,148.17 1 1
cdus-relay/internal/hub/hub.go:149.33,151.43 2 1
cdus-relay/internal/hub/hub.go:151.43,155.35 4 1
cdus-relay/internal/hub/hub.go:155.35,157.6 1 0
cdus-relay/internal/hub/hub.go:159.4,159.17 1 1
cdus-relay/internal/hub/hub.go:160.32,167.10 6 1
cdus-relay/internal/hub/hub.go:167.10,169.12 2 1
cdus-relay/internal/hub/hub.go:170.30,170.30 0 1
cdus-relay/internal/hub/hub.go:171.13,175.19 4 0
cdus-relay/internal/hub/hub.go:178.39,181.37 3 0
cdus-relay/internal/hub/hub.go:181.37,182.12 1 0
cdus-relay/internal/hub/hub.go:183.30,183.30 0 0
cdus-relay/internal/hub/hub.go:184.13,184.13 0 0
cdus-relay/internal/hub/hub.go:189.4,189.18 1 0
cdus-relay/internal/hub/hub.go:190.21,191.10 1 1
cdus-relay/internal/hub/hub.go:196.48,198.2 1 0
cdus-relay/internal/hub/hub.go:200.45,205.8 4 0
cdus-relay/internal/hub/hub.go:205.8,207.3 1 0
cdus-relay/internal/hub/hub.go:210.49,225.2 3 0
cdus-relay/internal/hub/hub.go:227.82,229.16 2 0
cdus-relay/internal/hub/hub.go:229.16,232.3 2 0
cdus-relay/internal/hub/hub.go:234.2,243.22 4 0
cdus-relay/internal/server/server.go:29.38,33.2 1 1
cdus-relay/internal/server/server.go:35.58,45.2 5 1
cdus-relay/internal/server/server.go:47.55,51.42 4 1
cdus-relay/internal/server/server.go:51.42,53.3 1 1
cdus-relay/internal/server/server.go:54.2,54.27 1 1
cdus-relay/internal/server/server.go:58.35,62.31 4 1
cdus-relay/internal/server/server.go:62.31,63.29 1 1
cdus-relay/internal/server/server.go:63.29,65.4 1 1
cdus-relay/internal/server/server.go:76.78,83.2 1 1
cdus-relay/internal/server/server.go:85.40,96.2 10 1
cdus-relay/internal/server/server.go:98.70,103.16 3 0
cdus-relay/internal/server/server.go:103.16,105.3 1 0
cdus-relay/internal/server/server.go:108.2,113.34 5 0
cdus-relay/internal/server/server.go:116.71,120.61 2 1
cdus-relay/internal/server/server.go:120.61,123.3 2 1
cdus-relay/internal/server/server.go:125.2,125.20 1 1
cdus-relay/internal/server/server.go:125.20,128.3 2 1
cdus-relay/internal/server/server.go:130.2,130.68 1 1
cdus-relay/internal/server/server.go:130.68,134.3 3 0
cdus-relay/internal/server/server.go:137.2,140.30 3 1
cdus-relay/internal/server/server.go:143.72,147.42 3 1
cdus-relay/internal/server/server.go:147.42,152.3 4 1
cdus-relay/internal/server/server.go:154.2,155.67 2 1
cdus-relay/internal/server/server.go:158.58,162.6 3 0
cdus-relay/internal/server/server.go:162.6,163.10 1 0
cdus-relay/internal/server/server.go:164.19,165.22 1 0
cdus-relay/internal/server/server.go:166.21,167.10 1 0
cdus-relay/internal/server/server.go:177.73,179.61 2 1
cdus-relay/internal/server/server.go:179.61,182.3 2 1
cdus-relay/internal/server/server.go:184.2,184.43 1 1
cdus-relay/internal/server/server.go:184.43,187.3 2 1
cdus-relay/internal/server/server.go:189.2,195.68 2 1
cdus-relay/internal/server/server.go:195.68,199.3 3 1
cdus-relay/internal/server/server.go:201.2,201.35 1 1
cdus-relay/internal/server/server.go:212.76,214.61 2 1
cdus-relay/internal/server/server.go:214.61,217.3 2 0
cdus-relay/internal/server/server.go:220.2,221.27 2 1
cdus-relay/internal/server/server.go:221.27,224.3 2 1
cdus-relay/internal/server/server.go:226.2,227.56 2 1
cdus-relay/internal/server/server.go:230.74,232.22 2 0
cdus-relay/internal/server/server.go:232.22,235.3 2 0
cdus-relay/internal/server/server.go:239.2,240.27 2 0
cdus-relay/internal/server/server.go:240.27,243.3 2 0
cdus-relay/internal/server/server.go:245.2,245.33 1 0
cdus-relay/internal/server/server.go:254.83,256.22 2 1
cdus-relay/internal/server/server.go:256.22,259.3 2 1
cdus-relay/internal/server/server.go:262.2,263.27 2 1
cdus-relay/internal/server/server.go:263.27,266.3 2 1
cdus-relay/internal/server/server.go:272.2,273.18 2 1
cdus-relay/internal/server/server.go:273.18,275.3 1 1
cdus-relay/internal/server/server.go:276.2,277.19 2 1
cdus-relay/internal/server/server.go:277.19,279.3 1 1
cdus-relay/internal/server/server.go:281.2,295.33 8 1
cdus-relay/internal/store/sqlite.go:18.55,20.16 2 1
cdus-relay/internal/store/sqlite.go:20.16,22.3 1 0
cdus-relay/internal/store/sqlite.go:25.2,25.63 1 1
cdus-relay/internal/store/sqlite.go:25.63,27.3 1 0
cdus-relay/internal/store/sqlite.go:29.2,30.33 2 1
cdus-relay/internal/store/sqlite.go:30.33,32.3 1 0
cdus-relay/internal/store/sqlite.go:34.2,34.15 1 1
cdus-relay/internal/store/sqlite.go:37.36,51.2 3 1
cdus-relay/internal/store/sqlite.go:53.88,57.2 3 1
cdus-relay/internal/store/sqlite.go:59.91,64.70 4 1
cdus-relay/internal/store/sqlite.go:64.70,65.27 1 1
cdus-relay/internal/store/sqlite.go:65.27,67.4 1 1
cdus-relay/internal/store/sqlite.go:68.3,68.18 1 0
cdus-relay/internal/store/sqlite.go:70.2,70.16 1 1
cdus-relay/internal/store/sqlite.go:73.76,77.2 3 1
cdus-relay/internal/store/sqlite.go:79.87,83.26 4 1
cdus-relay/internal/store/sqlite.go:83.26,85.3 1 1
cdus-relay/internal/store/sqlite.go:86.2,86.24 1 1
cdus-relay/internal/store/sqlite.go:89.37,91.2 1 1
cdus-relay/internal/store/sqlite.go:93.55,95.2 1 1
cdus-relay/internal/store/sqlite.go:97.70,102.2 4 0
